2020-11-05 15:31:41.738  INFO 9308 --- [main] c.o.c.assign.AssignApplicationTests      : Starting AssignApplicationTests on LAPTOP-ROQCOL67 with PID 9308 (started by User in C:\Users\User\Desktop\SpringProject\onlineCourseReg)
2020-11-05 15:31:41.845  INFO 9308 --- [main] c.o.c.assign.AssignApplicationTests      : No active profile set, falling back to default profiles: default
2020-11-05 15:31:44.527  INFO 9308 --- [main] .s.d.r.c.RepositoryConfigurationDelegate : Bootstrapping Spring Data JPA repositories in DEFERRED mode.
2020-11-05 15:31:44.705  INFO 9308 --- [main] .s.d.r.c.RepositoryConfigurationDelegate : Finished Spring Data repository scanning in 146ms. Found 3 JPA repository interfaces.
2020-11-05 15:31:45.488  INFO 9308 --- [main] trationDelegate$BeanPostProcessorChecker : Bean 'org.springframework.ws.config.annotation.DelegatingWsConfiguration' of type [org.springframework.ws.config.annotation.DelegatingWsConfiguration$$EnhancerBySpringCGLIB$$cf74e327] is not eligible for getting processed by all BeanPostProcessors (for example: not eligible for auto-proxying)
2020-11-05 15:31:45.715  INFO 9308 --- [main] .w.s.a.s.AnnotationActionEndpointMapping : Supporting [WS-Addressing August 2004, WS-Addressing 1.0]
2020-11-05 15:31:46.395  INFO 9308 --- [main] o.s.s.concurrent.ThreadPoolTaskExecutor  : Initializing ExecutorService 'applicationTaskExecutor'
2020-11-05 15:31:46.627  INFO 9308 --- [task-1] o.hibernate.jpa.internal.util.LogHelper  : HHH000204: Processing PersistenceUnitInfo [name: default]
2020-11-05 15:31:46.745  INFO 9308 --- [task-1] org.hibernate.Version                    : HHH000412: Hibernate ORM core version 5.4.21.Final
2020-11-05 15:31:47.266  INFO 9308 --- [task-1] o.hibernate.annotations.common.Version   : HCANN000001: Hibernate Commons Annotations {5.1.0.Final}
2020-11-05 15:31:47.742  WARN 9308 --- [main] JpaBaseConfiguration$JpaWebConfiguration : spring.jpa.open-in-view is enabled by default. Therefore, database queries may be performed during view rendering. Explicitly configure spring.jpa.open-in-view to disable this warning
2020-11-05 15:31:48.196  INFO 9308 --- [task-1] com.zaxxer.hikari.HikariDataSource       : HikariPool-1 - Starting...
2020-11-05 15:31:52.027  INFO 9308 --- [task-1] com.zaxxer.hikari.HikariDataSource       : HikariPool-1 - Start completed.
2020-11-05 15:31:52.464  INFO 9308 --- [task-1] org.hibernate.dialect.Dialect            : HHH000400: Using dialect: org.hibernate.dialect.MySQL8Dialect
2020-11-05 15:32:02.539  INFO 9308 --- [task-1] o.h.e.t.j.p.i.JtaPlatformInitiator       : HHH000490: Using JtaPlatform implementation: [org.hibernate.engine.transaction.jta.platform.internal.NoJtaPlatform]
2020-11-05 15:32:02.586  INFO 9308 --- [task-1] j.LocalContainerEntityManagerFactoryBean : Initialized JPA EntityManagerFactory for persistence unit 'default'
2020-11-05 15:32:06.433  INFO 9308 --- [main] DeferredRepositoryInitializationListener : Triggering deferred initialization of Spring Data repositories…
2020-11-05 15:32:06.508  INFO 9308 --- [main] DeferredRepositoryInitializationListener : Spring Data repositories initialized!
2020-11-05 15:32:06.517  INFO 9308 --- [main] c.o.c.assign.AssignApplicationTests      : Started AssignApplicationTests in 25.589 seconds (JVM running for 30.632)
2020-11-05 15:32:06.854  INFO 9308 --- [SpringContextShutdownHook] j.LocalContainerEntityManagerFactoryBean : Closing JPA EntityManagerFactory for persistence unit 'default'
2020-11-05 15:32:06.889  INFO 9308 --- [SpringContextShutdownHook] o.s.s.concurrent.ThreadPoolTaskExecutor  : Shutting down ExecutorService 'applicationTaskExecutor'
2020-11-05 15:32:06.891  INFO 9308 --- [SpringContextShutdownHook] com.zaxxer.hikari.HikariDataSource       : HikariPool-1 - Shutdown initiated...
2020-11-05 15:32:06.900  INFO 9308 --- [SpringContextShutdownHook] com.zaxxer.hikari.HikariDataSource       : HikariPool-1 - Shutdown completed.
